To adjust logging level use sc.setLogLevel(newLevel). For SparkR, use setLogLevel(newLevel).
java.lang.IllegalArgumentException: Unrecognized Hadoop major version number: 3.1.1
  at org.apache.hadoop.hive.shims.ShimLoader.getMajorVersion(ShimLoader.java:174)
  at org.apache.hadoop.hive.shims.ShimLoader.loadShims(ShimLoader.java:139)
  at org.apache.hadoop.hive.shims.ShimLoader.getHadoopShims(ShimLoader.java:100)
  at org.apache.hadoop.hive.conf.HiveConf$ConfVars.<clinit>(HiveConf.java:368)
  at org.apache.hadoop.hive.conf.HiveConf.<clinit>(HiveConf.java:105)
  at java.lang.Class.forName0(Native Method)
  at java.lang.Class.forName(Class.java:348)
  at org.apache.spark.util.Utils$.classForName(Utils.scala:238)
  at org.apache.spark.sql.SparkSession$.hiveClassesArePresent(SparkSession.scala:1117)
  at org.apache.spark.repl.Main$.createSparkSession(Main.scala:102)
  ... 62 elided
<console>:14: error: not found: value spark
       import spark.implicits._
              ^
<console>:14: error: not found: value spark
       import spark.sql
              ^


org.apache.hive.service.cli.HiveSQLException: Error while processing statement: FAILED: Execution Error,
return code 1 from org.apache.hadoop.hive.ql.exec.spark.SparkTask.
Failed to create spark client. at org.apache.hive.service.cli.operation.Operation.toSQLException(Operation.java:380)
at org.apache.hive.service.cli.operation.SQLOperation.runQuery(SQLOperation.java:257)
at org.apache.hive.service.cli.operation.SQLOperation.access$800(SQLOperation.java:91)
at org.apache.hive.service.cli.operation.SQLOperation$BackgroundWork$1.run(SQLOperation.java:348)
at java.security.AccessController.doPrivileged(Native Method) at javax.security.auth.Subject.doAs(Subject.java:422)
at org.apache.hadoop.security.UserGroupInformation.doAs(UserGroupInformation.java:1729)
at org.apache.hive.service.cli.operation.SQLOperation$BackgroundWork.run(SQLOperation.java:362)
at java.util.concurrent.Executors$RunnableAdapter.call(Executors.java:511) at java.util.concurrent.FutureTask.run(FutureTask.java:266)
at java.util.concurrent.ThreadPoolExecutor.runWorker(ThreadPoolExecutor.java:1149)
at java.util.concurrent.ThreadPoolExecutor$Worker.run(ThreadPoolExecutor.java:624)
at java.lang.Thread.run(Thread.java:748) Caused by: org.apache.hadoop.hive.ql.metadata.HiveException: Failed to create spark client.
at org.apache.hadoop.hive.ql.exec.spark.session.SparkSessionImpl.open(SparkSessionImpl.java:64)
at org.apache.hadoop.hive.ql.exec.spark.session.SparkSessionManagerImpl.getSession(SparkSessionManagerImpl.java:115)
at org.apache.hadoop.hive.ql.exec.spark.SparkUtilities.getSparkSession(SparkUtilities.java:126)
at org.apache.hadoop.hive.ql.exec.spark.SparkTask.execute(SparkTask.java:103)
at org.apache.hadoop.hive.ql.exec.Task.executeTask(Task.java:199)
at org.apache.hadoop.hive.ql.exec.TaskRunner.runSequential(TaskRunner.java:100)
at org.apache.hadoop.hive.ql.Driver.launchTask(Driver.java:2183)
at org.apache.hadoop.hive.ql.Driver.execute(Driver.java:1839)
at org.apache.hadoop.hive.ql.Driver.runInternal(Driver.java:1526)
at org.apache.hadoop.hive.ql.Driver.run(Driver.java:1237)
at org.apache.hadoop.hive.ql.Driver.run(Driver.java:1232)
at org.apache.hive.service.cli.operation.SQLOperation.runQuery(SQLOperation.java:255) ... 11 more
Caused by: java.lang.RuntimeException: java.util.concurrent.ExecutionException:
java.lang.RuntimeException: Cancel client '7c7e38ae-2dd3-4580-97c0-c38778896579'.
Error: Child process exited before connecting back with error log Warning: I
gnoring non-spark config property: hive.spark.client.server.connect.timeout=90000 Warning:
Ignoring non-spark config property: hive.spark.client.rpc.threads=8 Warning:
Ignoring non-spark config property: hive.spark.client.connect.timeout=1000 Warning:
Ignoring non-spark config property: hive.spark.client.secret.bits=256 Warning:
Ignoring non-spark config property: hive.spark.client.rpc.max.size=52428800 2018-12-18 15:04:12,315
WARN util.NativeCodeLoader: Unable to load native-hadoop library for your platform...
using builtin-java classes where applicable 2018-12-18 15:04:12,708 INFO client.RemoteDriver: Connecting to:
dda:11494 Exception in thread "main" java.lang.ExceptionInInitializerError
at org.apache.hive.spark.client.rpc.RpcConfiguration.<clinit>(RpcConfiguration.java:47)
at org.apache.hive.spark.client.RemoteDriver.<init>(RemoteDriver.java:134)
at org.apache.hive.spark.client.RemoteDriver.main(RemoteDriver.java:516)
at sun.reflect.NativeMethodAccessorImpl.invoke0(Native Method)
at sun.reflect.NativeMethodAccessorImpl.invoke(NativeMethodAccessorImpl.java:62)
at sun.reflect.DelegatingMethodAccessorImpl.invoke(DelegatingMethodAccessorImpl.java:43)
at java.lang.reflect.Method.invoke(Method.java:498) at org.apache.spark.deploy.JavaMainApplication.start(SparkApplication.scala:52)
at org.apache.spark.deploy.SparkSubmit.org$apache$spark$deploy$SparkSubmit$$runMain(SparkSubmit.scala:849)
at org.apache.spark.deploy.SparkSubmit.doRunMain$1(SparkSubmit.scala:167) at org.apache.spark.deploy.SparkSubmit.submit(SparkSubmit.scala:195)
at org.apache.spark.deploy.SparkSubmit.doSubmit(SparkSubmit.scala:86) at org.apache.spark.deploy.SparkSubmit$$anon$2.doSubmit(SparkSubmit.scala:924)
at org.apache.spark.deploy.SparkSubmit$.main(SparkSubmit.scala:933) at org.apache.spark.deploy.SparkSubmit.main(SparkSubmit.scala)
Caused by: java.lang.IllegalArgumentException: Unrecognized Hadoop major version number: 3.1.1
at org.apache.hadoop.hive.shims.ShimLoader.getMajorVersion(ShimLoader.java:174)
at org.apache.hadoop.hive.shims.ShimLoader.loadShims(ShimLoader.java:139)
at org.apache.hadoop.hive.shims.ShimLoader.getHadoopShims(ShimLoader.java:100)
at org.apache.hadoop.hive.conf.HiveConf$ConfVars.<clinit>(HiveConf.java:368) ... 15 more 2018-12-18 15:04:12,749 INFO util.ShutdownHookManager: Shutdown hook called 2018-12-18 15:04:12,750 INFO util.ShutdownHookManager: Deleting directory /tmp/spark-fefd3cac-50cb-4e37-aa64-42c89bb4d033 at com.google.common.base.Throwables.propagate(Throwables.java:160) at org.apache.hive.spark.client.SparkClientImpl.<init>(SparkClientImpl.java:125) at org.apache.hive.spark.client.SparkClientFactory.createClient(SparkClientFactory.java:80) at org.apache.hadoop.hive.ql.exec.spark.RemoteHiveSparkClient.createRemoteClient(RemoteHiveSparkClient.java:101) at org.apache.hadoop.hive.ql.exec.spark.RemoteHiveSparkClient.<init>(RemoteHiveSparkClient.java:97) at org.apache.hadoop.hive.ql.exec.spark.HiveSparkClientFactory.createHiveSparkClient(HiveSparkClientFactory.java:73) at org.apache.hadoop.hive.ql.exec.spark.session.SparkSessionImpl.open(SparkSessionImpl.java:62) ... 22 more Caused by: java.util.concurrent.ExecutionException: java.lang.RuntimeException: Cancel client '7c7e38ae-2dd3-4580-97c0-c38778896579'. Error: Child process exited before connecting back with error log Warning: Ignoring non-spark config property: hive.spark.client.server.connect.timeout=90000 Warning: Ignoring non-spark config property: hive.spark.client.rpc.threads=8 Warning: Ignoring non-spark config property: hive.spark.client.connect.timeout=1000 Warning: Ignoring non-spark config property: hive.spark.client.secret.bits=256 Warning: Ignoring non-spark config property: hive.spark.client.rpc.max.size=52428800 2018-12-18 15:04:12,315 WARN util.NativeCodeLoader: Unable to load native-hadoop library for your platform... using builtin-java classes where applicable 2018-12-18 15:04:12,708 INFO client.RemoteDriver: Connecting to: dda:11494 Exception in thread "main" java.lang.ExceptionInInitializerError at org.apache.hive.spark.client.rpc.RpcConfiguration.<clinit>(RpcConfiguration.java:47) at org.apache.hive.spark.client.RemoteDriver.<init>(RemoteDriver.java:134) at org.apache.hive.spark.client.RemoteDriver.main(RemoteDriver.java:516) at sun.reflect.NativeMethodAccessorImpl.invoke0(Native Method) at sun.reflect.NativeMethodAccessorImpl.invoke(NativeMethodAccessorImpl.java:62) at sun.reflect.DelegatingMethodAccessorImpl.invoke(DelegatingMethodAccessorImpl.java:43) at java.lang.reflect.Method.invoke(Method.java:498) at org.apache.spark.deploy.JavaMainApplication.start(SparkApplication.scala:52) at org.apache.spark.deploy.SparkSubmit.org$apache$spark$deploy$SparkSubmit$$runMain(SparkSubmit.scala:849) at org.apache.spark.deploy.SparkSubmit.doRunMain$1(SparkSubmit.scala:167) at org.apache.spark.deploy.SparkSubmit.submit(SparkSubmit.scala:195) at org.apache.spark.deploy.SparkSubmit.doSubmit(SparkSubmit.scala:86) at org.apache.spark.deploy.SparkSubmit$$anon$2.doSubmit(SparkSubmit.scala:924) at org.apache.spark.deploy.SparkSubmit$.main(SparkSubmit.scala:933) at org.apache.spark.deploy.SparkSubmit.main(SparkSubmit.scala) Caused by: java.lang.IllegalArgumentException: Unrecognized Hadoop major version number: 3.1.1 at org.apache.hadoop.hive.shims.ShimLoader.getMajorVersion(ShimLoader.java:174) at org.apache.hadoop.hive.shims.ShimLoader.loadShims(ShimLoader.java:139) at org.apache.hadoop.hive.shims.ShimLoader.getHadoopShims(ShimLoader.java:100) at org.apache.hadoop.hive.conf.HiveConf$ConfVars.<clinit>(HiveConf.java:368) ... 15 more 2018-12-18 15:04:12,749 INFO util.ShutdownHookManager: Shutdown hook called 2018-12-18 15:04:12,750 INFO util.ShutdownHookManager: Deleting directory /tmp/spark-fefd3cac-50cb-4e37-aa64-42c89bb4d033 at io.netty.util.concurrent.AbstractFuture.get(AbstractFuture.java:41) at org.apache.hive.spark.client.SparkClientImpl.<init>(SparkClientImpl.java:109) ... 27 more Caused by: java.lang.RuntimeException: Cancel client '7c7e38ae-2dd3-4580-97c0-c38778896579'. Error: Child process exited before connecting back with error log Warning: Ignoring non-spark config property: hive.spark.client.server.connect.timeout=90000 Warning: Ignoring non-spark config property: hive.spark.client.rpc.threads=8 Warning: Ignoring non-spark config property: hive.spark.client.connect.timeout=1000 Warning: Ignoring non-spark config property: hive.spark.client.secret.bits=256 Warning: Ignoring non-spark config property: hive.spark.client.rpc.max.size=52428800 2018-12-18 15:04:12,315 WARN util.NativeCodeLoader: Unable to load native-hadoop library for your platform... using builtin-java classes where applicable 2018-12-18 15:04:12,708 INFO client.RemoteDriver: Connecting to: dda:11494 Exception in thread "main" java.lang.ExceptionInInitializerError at org.apache.hive.spark.client.rpc.RpcConfiguration.<clinit>(RpcConfiguration.java:47) at org.apache.hive.spark.client.RemoteDriver.<init>(RemoteDriver.java:134) at org.apache.hive.spark.client.RemoteDriver.main(RemoteDriver.java:516) at sun.reflect.NativeMethodAccessorImpl.invoke0(Native Method) at sun.reflect.NativeMethodAccessorImpl.invoke(NativeMethodAccessorImpl.java:62) at sun.reflect.DelegatingMethodAccessorImpl.invoke(DelegatingMethodAccessorImpl.java:43) at java.lang.reflect.Method.invoke(Method.java:498) at org.apache.spark.deploy.JavaMainApplication.start(SparkApplication.scala:52) at org.apache.spark.deploy.SparkSubmit.org$apache$spark$deploy$SparkSubmit$$runMain(SparkSubmit.scala:849) at org.apache.spark.deploy.SparkSubmit.doRunMain$1(SparkSubmit.scala:167) at org.apache.spark.deploy.SparkSubmit.submit(SparkSubmit.scala:195) at org.apache.spark.deploy.SparkSubmit.doSubmit(SparkSubmit.scala:86) at org.apache.spark.deploy.SparkSubmit$$anon$2.doSubmit(SparkSubmit.scala:924) at org.apache.spark.deploy.SparkSubmit$.main(SparkSubmit.scala:933) at org.apache.spark.deploy.SparkSubmit.main(SparkSubmit.scala) Caused by: java.lang.IllegalArgumentException: Unrecognized Hadoop major version number: 3.1.1 at org.apache.hadoop.hive.shims.ShimLoader.getMajorVersion(ShimLoader.java:174) at org.apache.hadoop.hive.shims.ShimLoader.loadShims(ShimLoader.java:139) at org.apache.hadoop.hive.shims.ShimLoader.getHadoopShims(ShimLoader.java:100) at org.apache.hadoop.hive.conf.HiveConf$ConfVars.<clinit>(HiveConf.java:368) ... 15 more 2018-12-18 15:04:12,749 INFO util.ShutdownHookManager: Shutdown hook called 2018-12-18 15:04:12,750 INFO util.ShutdownHookManager: Deleting directory /tmp/spark-fefd3cac-50cb-4e37-aa64-42c89bb4d033 at org.apache.hive.spark.client.rpc.RpcServer.cancelClient(RpcServer.java:212)
at org.apache.hive.spark.client.SparkClientImpl$3.run(SparkClientImpl.java:503) ... 1 more




org.apache.spark.SparkException: Exception thrown in awaitResult:
	at org.apache.spark.util.ThreadUtils$.awaitResult(ThreadUtils.scala:205)
	at org.apache.spark.rpc.RpcTimeout.awaitResult(RpcTimeout.scala:75)
	at org.apache.spark.rpc.RpcEndpointRef.askSync(RpcEndpointRef.scala:92)
	at org.apache.spark.executor.Executor.org$apache$spark$executor$Executor$$reportHeartBeat(Executor.scala:785)
	at org.apache.spark.executor.Executor$$anon$2$$anonfun$run$1.apply$mcV$sp(Executor.scala:814)
	at org.apache.spark.executor.Executor$$anon$2$$anonfun$run$1.apply(Executor.scala:814)
	at org.apache.spark.executor.Executor$$anon$2$$anonfun$run$1.apply(Executor.scala:814)
	at org.apache.spark.util.Utils$.logUncaughtExceptions(Utils.scala:1992)
	at org.apache.spark.executor.Executor$$anon$2.run(Executor.scala:814)
	at java.util.concurrent.Executors$RunnableAdapter.call(Executors.java:511)
	at java.util.concurrent.FutureTask.runAndReset(FutureTask.java:308)
	at java.util.concurrent.ScheduledThreadPoolExecutor$ScheduledFutureTask.access$301(ScheduledThreadPoolExecutor.java:180)
	at java.util.concurrent.ScheduledThreadPoolExecutor$ScheduledFutureTask.run(ScheduledThreadPoolExecutor.java:294)
	at java.util.concurrent.ThreadPoolExecutor.runWorker(ThreadPoolExecutor.java:1149)
	at java.util.concurrent.ThreadPoolExecutor$Worker.run(ThreadPoolExecutor.java:624)
	at java.lang.Thread.run(Thread.java:748)
Caused by: java.io.IOException: Connection reset by peer
	at sun.nio.ch.FileDispatcherImpl.read0(Native Method)
	at sun.nio.ch.SocketDispatcher.read(SocketDispatcher.java:39)
	at sun.nio.ch.IOUtil.readIntoNativeBuffer(IOUtil.java:223)
	at sun.nio.ch.IOUtil.read(IOUtil.java:192)
	at sun.nio.ch.SocketChannelImpl.read(SocketChannelImpl.java:380)
	at io.netty.buffer.PooledUnsafeDirectByteBuf.setBytes(PooledUnsafeDirectByteBuf.java:288)
	at io.netty.buffer.AbstractByteBuf.writeBytes(AbstractByteBuf.java:1106)
	at io.netty.channel.socket.nio.NioSocketChannel.doReadBytes(NioSocketChannel.java:343)
	at io.netty.channel.nio.AbstractNioByteChannel$NioByteUnsafe.read(AbstractNioByteChannel.java:123)
	at io.netty.channel.nio.NioEventLoop.processSelectedKey(NioEventLoop.java:645)
	at io.netty.channel.nio.NioEventLoop.processSelectedKeysOptimized(NioEventLoop.java:580)
	at io.netty.channel.nio.NioEventLoop.processSelectedKeys(NioEventLoop.java:497)
	at io.netty.channel.nio.NioEventLoop.run(NioEventLoop.java:459)
	at io.netty.util.concurrent.SingleThreadEventExecutor$5.run(SingleThreadEventExecutor.java:858)
	at io.netty.util.concurrent.DefaultThreadFactory$DefaultRunnableDecorator.run(DefaultThreadFactory.java:138)
	... 1 more
18/12/21 13:11:17 INFO DiskBlockManager: Shutdown hook called
18/12/21 13:11:17 INFO ShutdownHookManager: Shutdown hook called




